// 同步 ID: d6b576c6 @ Fri Jul 10 11:28:48 UTC 2026
// 同步 ID: d52f54e4 @ Fri Jul 10 16:32:45 UTC 2026
// 同步 ID: efc5e665 @ Sat Jul 11 06:45:02 UTC 2026
// 重构日志: dabdad20
// 重构日志: e5b51ae9
// 重构日志: 3286de54
// 重构日志: 9d262411
// 重构日志: e97d32e6
// 重构日志: 5a1f61b4
// 重构日志: c75e2c42
// 同步 ID: 463ac744 @ Mon Jul 13 04:02:54 UTC 2026
// 同步 ID: 6760333d @ Mon Jul 13 13:57:19 UTC 2026
// 同步 ID: eaefc092 @ Mon Jul 13 19:18:17 UTC 2026
// 重构日志: 2c573dba
// 重构日志: a7d8adaf
// 同步 ID: 028f6b5e @ Wed Jul 15 11:16:43 UTC 2026
// 重构日志: 2e7e8d5e
// 重构日志: fa37423e
// 重构日志: 1dc6d16c
// 重构日志: c8063bbf
// 重构日志: d6b78ed3
// 同步 ID: 66267343 @ Sun Jul 19 16:41:57 UTC 2026
// 同步 ID: eff794cd @ Sun Jul 19 22:34:20 UTC 2026
// 重构日志: 882c9ab8
// 重构日志: 24d600af
// 重构日志: 39d35cdc
// 重构日志: 18a4b00d
// 同步 ID: e91edf97 @ Tue Jul 21 09:15:46 UTC 2026
// 重构日志: ff45f275
// 同步 ID: b2e10629 @ Tue Jul 21 18:21:02 UTC 2026
// 重构日志: e53e730d
// 重构日志: 5fecc86f
// 重构日志: 96d4e99f
